2019-07-02 16:46:44 - MOD: Modification Default

FILE: system/engine/action.php
REGEX: ~(require|include)(_once)?\(([^)]+)~
LINE: 41

FILE: system/engine/loader.php
REGEX: ~(require|include)(_once)?\(([^)]+)~
LINE: 49
LINE: 108
LINE: 120
LINE: 165

FILE: system/library/config.php
REGEX: ~(require|include)(_once)?\(([^)]+)~
LINE: 23

FILE: system/library/language.php
REGEX: ~(require|include)(_once)?\(([^)]+)~
LINE: 38
LINE: 40
LINE: 49
LINE: 51
LINE: 60
LINE: 62

FILE: system/library/template/php.php
REGEX: ~(require|include)(_once)?\(([^)]+)~
LINE: 18

FILE: system/library/template/tiwg.php
REGEX: ~(require|include)(_once)?\(([^)]+)~
LINE: 24
----------------------------------------------------------------
MOD: Export/Import Tool (V3.10) for Ocstore 2.x

FILE: admin/controller/common/column_left.php
CODE: if ($this->user->hasPermission('access', 'tool/log')) {
LINE: 665

FILE: admin/language/en-gb/common/column_left.php
CODE: $_['text_backup']
LINE: 9

FILE: admin/language/ru-ru/common/column_left.php
CODE: $_['text_backup']
LINE: 9
----------------------------------------------------------------
MOD: fondy_payment

FILE: catalog/controller/checkout/checkout.php
CODE: public function index() {
LINE: 11

FILE: catalog/view/theme/default/template/checkout/checkout.tpl
CODE: <h1><?php echo $heading_title; ?></h1>
LINE: 26

FILE: catalog/view/theme/theme_lightshop/template/checkout/checkout.tpl
CODE: <h1><?php echo $heading_title; ?></h1>
NOT FOUND - OPERATIONS ABORTED!
----------------------------------------------------------------
MOD: Local copy OCMOD by iSenseLabs

FILE: admin/controller/extension/installer.php
CODE: 'url'  => str_replace('&amp;', '&', $this->url->link('extension/installer/ftp', 'token=' . $this->session->data['token'],
LINE: 131
CODE: public function unzip() {
LINE: 292
----------------------------------------------------------------
MOD: OCMOD installer upload fix
CODE: if ($root) {
LINE: 381
----------------------------------------------------------------
MOD: OcStore 2.3.x track number

FILE: admin/controller/sale/order.php
CODE: $data['shipping_method'] = $order_info['shipping_method'];
LINE: 567
LINE: 942
CODE: public function history() {
LINE: 1545

FILE: admin/model/sale/order.php
CODE: $order_query->row['order_id'],
LINE: 96

FILE: catalog/model/checkout/order.php
CODE: $order_query->row['order_id'],
LINE: 170

FILE: admin/view/template/sale/order_info.tpl
CODE: <td><?php echo $text_reward; ?></td>
LINE: 100
CODE: <?php echo $footer; ?>
LINE: 700

FILE: catalog/model/account/order.php
CODE: $order_query->row['order_id'],
LINE: 46

FILE: catalog/controller/account/order.php
CODE: if ($order_info['invoice_no']) {
LINE: 210

FILE: catalog/view/theme/default/template/account/order_info.tpl
CODE: <b><?php echo $text_shipping_method; ?></b> <?php echo $shipping_method; ?>
LINE: 49

FILE: catalog/view/theme/theme_lightshop/template/account/order_info.tpl
CODE: <b><?php echo $text_shipping_method; ?></b> <?php echo $shipping_method; ?>
LINE: 62
----------------------------------------------------------------
MOD: Lightshop theme ocStore 2.3
CODE: if ($catalog) {
LINE: 218
CODE: $voucher = array();
LINE: 382

FILE: admin/controller/common/dashboard.php
CODE: $data['header'] = $this->load->controller('common/header');
LINE: 81

FILE: admin/controller/common/header.php
CODE: $data['affiliate_approval'] = $this->url->link('marketing/affiliate', 'token=' . $this->session->data['token'] . '&filter_approved=1', true);
LINE: 130
CODE: $data['alerts'] = $customer_total + $product_total + $review_total + $return_total + $affiliate_total;
LINE: 132

FILE: admin/controller/extension/module/filter.php
CODE: $data['header'] = $this->load->controller('common/header');
LINE: 75

FILE: admin/controller/extension/module/html.php
CODE: if (isset($this->request->post['status'])) {
LINE: 124

FILE: admin/language/ru-ru/common/header.php
CODE: $_['text_logout']
LINE: 27

FILE: admin/language/en-gb/common/header.php
CODE: $_['text_logout']
LINE: 27
CODE: $_['text_other_status']
LINE: 116
CODE: $_['text_other_status']              = 'Other Statuses';
LINE: 115

FILE: admin/model/catalog/manufacturer.php
CODE: $sql .= " AND name LIKE '" . $this->db->escape($data['filter_name']) . "%'";
LINE: 118

FILE: admin/model/catalog/product.php
CODE: $this->db->query("DELETE FROM " . DB_PREFIX . "coupon_product WHERE product_id = '" . (int)$product_id . "'");
LINE: 351

FILE: admin/view/template/common/header.tpl
CODE: <li><a href="<?php echo $return; ?>"><span class="label label-danger pull-right"><?php echo $return_total; ?></span><?php echo $text_return; ?></a></li>
LINE: 59

FILE: admin/view/template/extension/module/filter.tpl
CODE: <form action="<?php echo $action; ?>" method="post" enctype="multipart/form-data" id="form-filter" class="form-horizontal">
LINE: 37

FILE: admin/view/template/extension/extension/analytics.tpl
CODE: <?php } ?>
LINE: 32
CODE: <?php } else { ?>
LINE: 46

FILE: catalog/controller/account/address.php
CODE: $data['entry_default'] = $this->language->get('entry_default');
LINE: 319
CODE: $data['button_upload'] = $this->language->get('button_upload');
LINE: 366
CODE: $this->error['custom_field'][$custom_field['custom_field_id']] = sprintf($this->language->get('error_custom_field'), $custom_field['name']);
LINE: 598

FILE: catalog/controller/account/edit.php
CODE: $data['button_upload'] = $this->language->get('button_upload');
LINE: 123
CODE: $data['action'] = $this->url->link('account/edit', '', true);
LINE: 208
CODE: $this->error['telephone'] = $this->language->get('error_telephone');
LINE: 307
CODE: $this->error['custom_field'][$custom_field['custom_field_id']] = sprintf($this->language->get('error_custom_field'), $custom_field['name']);
LINE: 337

FILE: catalog/controller/account/login.php
CODE: $data['text_forgotten'] = $this->language->get('text_forgotten');
LINE: 127

FILE: catalog/controller/account/register.php
CODE: $data['customer_group_id'] = $this->request->post['customer_group_id'];
LINE: 194
CODE: if (isset($this->request->post['firstname'])) {
LINE: 227
CODE: if (isset($this->error['city'])) {
LINE: 138
CODE: if (isset($this->error['zone'])) {
LINE: 168
CODE: $this->error['warning'] = sprintf($this->language->get('error_agree'), $information_info['title']);
LINE: 513

FILE: catalog/controller/account/voucher.php
CODE: $this->load->language('account/voucher');
LINE: 8
CODE: $data['help_message'] = $this->language->get('help_message');
LINE: 79
CODE: $data['action'] = $this->url->link('account/voucher', '', true);
LINE: 136
CODE: $data['column_left'] = $this->load->controller('common/column_left');
LINE: 203
CODE: return !$this->error;
LINE: 291

FILE: catalog/controller/account/wishlist.php
CODE: if (!$this->customer->isLogged()) {
LINE: 3
CODE: $this->load->language('account/wishlist');
LINE: 14
CODE: $this->model_account_wishlist->deleteWishlist($this->request->get['remove']);
LINE: 24
CODE: $data['products'] = array();
LINE: 78
CODE: $results = $this->model_account_wishlist->getWishlist();
LINE: 80
CODE: if ($product_info) {
LINE: 98
CODE: if ($product_info['image']) {
LINE: 111
CODE: $image = false;
LINE: 102
CODE: 'stock'      => $stock,
LINE: 151
CODE: $this->model_account_wishlist->deleteWishlist($result['product_id']);
LINE: 158
CODE: public function add() {
LINE: 179
CODE: if ($this->customer->isLogged()) {
LINE: 195
CODE: $this->model_account_wishlist->addWishlist($this->request->post['product_id']);
LINE: 201
CODE: $json['total'] = sprintf($this->language->get('text_wishlist'), $this->model_account_wishlist->getTotalWishlist());
LINE: 207
CODE: $this->response->setOutput(json_encode($json));
LINE: 302

FILE: catalog/controller/affiliate/tracking.php
CODE: $this->load->model('catalog/product');
LINE: 63
CODE: foreach ($results as $result) {
LINE: 94
CODE: 'name' => strip_tags(html_entity_decode($result['name'], ENT_QUOTES, 'UTF-8')),
LINE: 102

FILE: catalog/controller/api/customer.php
CODE: $customer_group_id = $this->config->get('config_customer_group_id');
LINE: 85

FILE: catalog/controller/api/payment.php
CODE: $json['error']['custom_field' . $custom_field['custom_field_id']] = sprintf($this->language->get('error_custom_field'), $custom_field['name']);
LINE: 91

FILE: catalog/controller/api/shipping.php
CODE: $json['error']['custom_field' . $custom_field['custom_field_id']] = sprintf($this->language->get('error_custom_field'), $custom_field['name']);
LINE: 92

FILE: catalog/controller/checkout/cart.php
CODE: if ($this->cart->hasProducts() || !empty($this->session->data['vouchers'])) {
LINE: 71
CODE: $image = $this->model_tool_image->resize($product['image'], $this->config->get($this->config->get('config_theme') . '_image_cart_width'), $this->config->get($this->config->get('config_theme') . '_image_cart_height'));
LINE: 149
CODE: $json['total'] = sprintf($this->language->get('text_items'), $this->cart->countProducts() + (isset($this->session->data['vouchers']) ? count($this->session->data['vouchers']) : 0), $this->currency->format($total, $this->session->data['currency']));
LINE: 523
LINE: 666
CODE: if ($this->cart->hasShipping()) {
LINE: 94

FILE: catalog/controller/checkout/confirm.php
CODE: if (!isset($this->session->data['shipping_method'])) {
LINE: 15
CODE: $redirect = $this->url->link('checkout/checkout', '', true);
LINE: 19
CODE: $redirect = $this->url->link('checkout/checkout', '', true);
LINE: 27
CODE: if (!isset($this->session->data['payment_method'])) {
LINE: 47
CODE: $redirect = $this->url->link('checkout/checkout', '', true);
LINE: 51
CODE: $redirect = $this->url->link('checkout/checkout', '', true);
LINE: 58
CODE: if (!isset($this->session->data['payment_address'])) {
LINE: 42

FILE: catalog/controller/checkout/guest.php
CODE: if (isset($this->session->data['guest']['customer_group_id'])) {
LINE: 44
CODE: if (isset($this->session->data['guest']['firstname'])) {
LINE: 97
CODE: if ($this->customer->isLogged()) {
LINE: 230
CODE: $customer_group_id = $this->request->post['customer_group_id'];
LINE: 287
CODE: if (isset($this->request->post['customer_group_id']) && is_array
LINE: 289
CODE: $this->session->data['account'] = 'guest';
LINE: 343

FILE: catalog/controller/checkout/guest_shipping.php
CODE: $data['button_upload'] = $this->language->get('button_upload');
LINE: 66
CODE: if ((utf8_strlen(trim($this->request->post['address_1'])) < 3) || (utf8_strlen(trim($this->request->post['address_1'])) > 128)) {
LINE: 174
CODE: $this->session->data['shipping_address']['firstname'] = $this->request->post['firstname'];
LINE: 234

FILE: catalog/controller/checkout/login.php
CODE: $data['text_loading'] = $this->language->get('text_loading');
LINE: 21

FILE: catalog/controller/checkout/payment_address.php
CODE: $data['entry_zone'] = $this->language->get('entry_zone');
LINE: 71
CODE: $this->load->model('localisation/country');
LINE: 194
CODE: $json['error']['custom_field' . $custom_field['custom_field_id']] = sprintf($this->language->get('error_custom_field'), $custom_field['name']);
LINE: 238

FILE: catalog/controller/checkout/payment_method.php
CODE: if (isset($this->session->data['payment_address'])) {
LINE: 11

FILE: catalog/controller/checkout/register.php
CODE: $data['zone_id'] = '';
LINE: 115
CODE: $customer_id = $this->model_account_customer->addCustomer($this->request->post);
LINE: 304

FILE: catalog/controller/checkout/shipping_address.php
CODE: $data['button_upload'] = $this->language->get('button_upload');
LINE: 73
CODE: $this->load->model('localisation/country');
LINE: 201
CODE: $json['error']['custom_field' . $custom_field['custom_field_id']] = sprintf($this->language->get('error_custom_field'), $custom_field['name']);
LINE: 244

FILE: catalog/controller/checkout/shipping_method.php
CODE: $this->response->setOutput($this->load->view('checkout/shipping_method', $data));
LINE: 77

FILE: catalog/controller/common/cart.php
CODE: $data['text_recurring'] = $this->language->get('text_recurring');
LINE: 102
CODE: $image = $this->model_tool_image->resize($product['image'], $this->config->get($this->config->get('config_theme') . '_image_cart_width'), $this->config->get($this->config->get('config_theme') . '_image_cart_height'));
LINE: 115
CODE: 'title' => $total['title'],
LINE: 189
CODE: return $this->load->view('common/cart', $data);
LINE: 198
CODE: $data['text_items'] = sprintf($this->language->get('text_items'), $this->cart->countProducts() + (isset($this->session->data['vouchers']) ? count($this->session->data['vouchers']) : 0), $this->currency->format($total, $this->session->data['currency']));
LINE: 103

FILE: catalog/controller/common/currency.php
CODE: $this->response->redirect($this->request->post['redirect']);
LINE: 67

FILE: catalog/controller/common/column_left.php
CODE: $setting_info = $this->model_extension_module->getModule($part[1]);
LINE: 62

FILE: catalog/controller/common/column_right.php
CODE: $setting_info = $this->model_extension_module->getModule($part[1]);
LINE: 62

FILE: catalog/controller/common/footer.php
CODE: $this->load->language('common/footer');
LINE: 7
CODE: $data['scripts'] = $this->document->getScripts('footer');
LINE: 63
CODE: $data['text_newsletter'] = $this->language->get('text_newsletter');
LINE: 167
CODE: $data['newsletter'] = $this->url->link('account/newsletter', '', true);
LINE: 197
CODE: return $this->load->view('common/footer', $data);
LINE: 237

FILE: catalog/controller/common/header.php
CODE: $data['telephone'] = $this->config->get('config_telephone');
LINE: 314
CODE: $data['categories'] = array();
LINE: 324
CODE: $data['categories'] = array();
LINE: 333
CODE: $children = $this->model_catalog_category->getCategories($category['category_id']);
LINE: 345
CODE: foreach ($children as $child) {
LINE: 353
CODE: 'filter_category_id'  => $child['category_id'],
LINE: 355
CODE: $children_data[] = array(
LINE: 361
CODE: 'href'  => $this->url->link('product/category', 'path=' . $category['category_id'] . '_' . $child['category_id'])
LINE: 380
CODE: $data['categories'][] = array(
LINE: 388
CODE: 'name'     => $category['name'],
LINE: 394
CODE: 'children' => $children_data,
LINE: 398
CODE: 'href'     => $this->url->link('product/category', 'path=' . $category['category_id'])
LINE: 404
CODE: $data['language'] = $this->load->controller('common/language');
LINE: 417
CODE: $data['cart'] = $this->load->controller('common/cart');
LINE: 423
CODE: return $this->load->view('common/header', $data);
LINE: 519
CODE: return $this->load->view('common/header'.$data['header_type'], $data);
LINE: 997

FILE: catalog/controller/error/not_found.php
CODE: $this->response->setOutput($this->load->view('error/not_found', $data));
LINE: 52

FILE: catalog/controller/extension/captcha/google_captcha.php
CODE: $data['route'] = $this->request->get['route'];
LINE: 19

FILE: catalog/controller/extension/feed/google_sitemap.php
CODE: $output .= '</urlset>';
LINE: 104
CODE: return $output;
LINE: 184

FILE: catalog/controller/extension/module/account.php
CODE: $data['logged'] = $this->customer->isLogged();
LINE: 30

FILE: catalog/controller/extension/module/affiliate.php
CODE: $data['logged'] = $this->affiliate->isLogged();
LINE: 24

FILE: catalog/controller/extension/module/filter.php
CODE: $this->load->model('catalog/category');
LINE: 14
CODE: $data['button_filter'] = $this->language->get('button_filter');
LINE: 53

FILE: catalog/controller/extension/module/information.php
CODE: $data['text_sitemap'] = $this->language->get('text_sitemap');
LINE: 14

FILE: catalog/controller/extension/module/latest.php
CODE: if ($results) {
LINE: 49
CODE: $data['products'][] = array(
LINE: 101
CODE: 'special'     => $special,
LINE: 112

FILE: catalog/controller/extension/module/bestseller.php
CODE: if ($results) {
LINE: 42
CODE: $data['products'][] = array(
LINE: 94
CODE: 'special'     => $special,
LINE: 105

FILE: catalog/controller/extension/module/special.php
CODE: if ($results) {
LINE: 49
CODE: $data['products'][] = array(
LINE: 101
CODE: 'special'     => $special,
LINE: 112
CODE: return $this->load->view('extension/module/bestseller', $data);
LINE: 112
CODE: return $this->load->view('extension/module/special', $data);
LINE: 119
CODE: return $this->load->view('extension/module/latest', $data);
LINE: 119

FILE: catalog/controller/extension/module/featured.php
CODE: if (!empty($setting['product'])) {
LINE: 45
CODE: $data['products'][] = array(
LINE: 102
CODE: 'special'     => $special,
LINE: 113
CODE: return $this->load->view('extension/module/featured', $data);
LINE: 123

FILE: catalog/controller/extension/total/coupon.php
CODE: $data['button_coupon'] = $this->language->get('button_coupon');
LINE: 18

FILE: catalog/controller/extension/total/reward.php
CODE: $data['text_loading'] = $this->language->get('text_loading');
LINE: 24

FILE: catalog/controller/extension/total/shipping.php
CODE: $data['text_loading'] = $this->language->get('text_loading');
LINE: 18

FILE: catalog/controller/extension/total/voucher.php
CODE: $data['text_loading'] = $this->language->get('text_loading');
LINE: 14

FILE: catalog/controller/information/contact.php
CODE: $this->document->setTitle($this->language->get('heading_title'));
LINE: 5
CODE: $data['heading_title'] = $this->language->get('heading_title');
LINE: 73

FILE: catalog/controller/information/information.php
CODE: if ($information_info) {
LINE: 27
CODE: $this->response->setOutput($this->load->view('error/not_found', $data));
LINE: 88

FILE: catalog/controller/information/sitemap.php
CODE: $data['text_contact'] = $this->language->get('text_contact');
LINE: 40
CODE: $data['column_left'] = $this->load->controller('common/column_left');
LINE: 130
CODE: $this->response->setOutput($this->load->view('information/sitemap', $data));
LINE: 180

FILE: catalog/controller/product/category.php
CODE: $this->load->model('tool/image');
LINE: 14
CODE: if (isset($this->request->get['sort'])) {
LINE: 43
CODE: $url .= '&limit=' . $this->request->get['limit'];
LINE: 98
CODE: $url .= '&limit=' . $this->request->get['limit'];
LINE: 231
LINE: 413
CODE: $category_id = (int)array_pop($parts);
LINE: 108
CODE: 'text' => $category_info['name'],
LINE: 148
CODE: 'href' => $this->url->link('product/category', 'path=' . $path . $url)
LINE: 152
CODE: 'href' => $this->url->link('product/category', 'path=' . $path . $url)
LINE: 149
CODE: $category_id = 0;
LINE: 164
CODE: $data['button_grid'] = $this->language->get('button_grid');
LINE: 251
CODE: $data['thumb'] = $this->model_tool_image->resize($category_info['image'], $this->config->get($this->config->get('config_theme') . '_image_category_width'), $this->config->get($this->config->get('config_theme') . '_image_category_height'));
LINE: 262
CODE: 'name' => $result['name'] . ($this->config->get('config_product_count') ? ' (' . $this->model_catalog_product->getTotalProducts($filter_data) . ')' : ''),
LINE: 318
CODE: 'filter_category_id' => $category_id,
LINE: 330
CODE: 'limit'              => $limit
LINE: 342
CODE: $results = $this->model_catalog_product->getProducts($filter_data);
LINE: 388
CODE: $image = $this->model_tool_image->resize($result['image'], $this->config->get($this->config->get('config_theme') . '_image_product_width'), $this->config->get($this->config->get('config_theme') . '_image_product_height'));
LINE: 394
CODE: $image = $this->model_tool_image->resize('placeholder.png', $this->config->get($this->config->get('config_theme') . '_image_product_width'), $this->config->get($this->config->get('config_theme') . '_image_product_height'));
LINE: 398
CODE: $data['products'][] = array(
LINE: 512
CODE: 'name'        => $result['name'],
LINE: 524
CODE: 'rating'      => $rating,
LINE: 543
CODE: $data['continue'] = $this->url->link('common/home');
LINE: 716
CODE: $this->response->setOutput($this->load->view('product/category', $data));
LINE: 741
CODE: $this->response->setOutput($this->load->view('error/not_found', $data));
LINE: 793
CODE: $this->response->setOutput($this->load->view('error/404', $data));
LINE: 1618

FILE: catalog/controller/product/compare.php
CODE: $data['review_status'] = $this->config->get('config_review_status');
LINE: 75
CODE: $image = $this->model_tool_image->resize($product_info['image'], $this->config->get($this->config->get('config_theme') . '_image_compare_width'), $this->config->get($this->config->get('config_theme') . '_image_compare_height'));
LINE: 86
CODE: $this->response->setOutput(json_encode($json));
LINE: 244

FILE: catalog/controller/product/manufacturer.php
CODE: $data['categories'][$key]['manufacturer'][] = array(
LINE: 56
CODE: 'text' => $manufacturer_info['name'],
LINE: 152
CODE: 'name' => $name,
LINE: 60
CODE: $data['thumb'] = $this->model_tool_image->resize($manufacturer_info['image'], $this->config->get($this->config->get('config_theme') . '_image_category_width'), $this->config->get($this->config->get('config_theme') . '_image_category_height'));
LINE: 175
CODE: $data['button_grid'] = $this->language->get('button_grid');
LINE: 256
CODE: $results = $this->model_catalog_product->getProducts($filter_data);
LINE: 292
CODE: $image = $this->model_tool_image->resize($result['image'], $this->config->get($this->config->get('config_theme') . '_image_product_width'), $this->config->get($this->config->get('config_theme') . '_image_product_height'));
LINE: 296
CODE: $image = $this->model_tool_image->resize('placeholder.png', $this->config->get($this->config->get('config_theme') . '_image_product_width'), $this->config->get($this->config->get('config_theme') . '_image_product_height'));
LINE: 300
CODE: $data['products'][] = array(
LINE: 400
CODE: 'name'        => $result['name'],
LINE: 412
CODE: 'rating'      => $rating,
LINE: 428
CODE: $data['continue'] = $this->url->link('common/home');
LINE: 613
CODE: $this->response->setOutput($this->load->view('error/not_found', $data));
LINE: 670

FILE: catalog/controller/product/product.php
CODE: $this->load->model('catalog/category');
LINE: 17
CODE: $category_id = (int)array_pop($parts);
LINE: 37
CODE: 'text' => $category_info['name'],
LINE: 54
CODE: 'href' => $this->url->link('product/category', 'path=' . $path)
LINE: 58
CODE: 'text' => $category_info['name'],
LINE: 90
CODE: $this->document->addScript('catalog/view/javascript/jquery/magnific/jquery.magnific-popup.min.js');
LINE: 250
CODE: $this->document->addStyle('catalog/view/javascript/jquery/magnific/magnific-popup.css');
LINE: 255
CODE: $this->load->model('tool/image');
LINE: 393
CODE: $data['popup'] = $this->model_tool_image->resize('no_image.png', $this->config->get('config_image_popup_width'), $this->config->get('config_image_popup_height'));;
NOT FOUND - OPERATION SKIPPED!
CODE: $data['popup'] = '';
LINE: 398
CODE: if ($product_info['image']) {
LINE: 414
CODE: $data['thumb'] = '';
LINE: 418
CODE: $data['images'] = array();
LINE: 447
CODE: 'popup' => $this->model_tool_image->resize($result['image'], $this->config->get($this->config->get('config_theme') . '_image_popup_width'), $this->config->get($this->config->get('config_theme') . '_image_popup_height')),
LINE: 453
CODE: 'thumb' => $this->model_tool_image->resize($result['image'], $this->config->get($this->config->get('config_theme') . '_image_additional_width'), $this->config->get($this->config->get('config_theme') . '_image_additional_height'))
LINE: 456
CODE: $data['price'] = $this->currency->format($this->tax->calculate($product_info['price'], $product_info['tax_class_id'], $this->config->get('config_tax')), $this->session->data['currency']);
LINE: 467
CODE: $data['price'] = false;
LINE: 472
CODE: $data['special'] = $this->currency->format($this->tax->calculate($product_info['special'], $product_info['tax_class_id'], $this->config->get('config_tax')), $this->session->data['currency']);
LINE: 479
CODE: $data['special'] = false;
LINE: 484
CODE: $data['review_status'] = $this->config->get('config_review_status');
LINE: 547
CODE: $data['products'] = array();
LINE: 632
CODE: if ($result['image']) {
LINE: 642
CODE: if ($result['image']) {
LINE: 650
CODE: if ($this->customer->isLogged() || !$this->config->get('config_customer_price')) {
LINE: 661
CODE: $data['recurrings'] = $this->model_catalog_product->getProfiles($this->request->get['product_id']);
LINE: 714
CODE: $this->response->setOutput($this->load->view('error/not_found', $data));
LINE: 843
CODE: $data['reviews'] = array();
LINE: 869
CODE: 'rating'     => (int)$result['rating'],
LINE: 882
CODE: $this->response->setOutput(json_encode($json));
LINE: 1154
CODE: 'href' => $this->url->link('product/search', 'tag=' . trim($tag))
NOT FOUND - OPERATIONS ABORTED!

FILE: catalog/controller/product/search.php
CODE: $data['compare'] = $this->url->link('product/compare');
LINE: 207
CODE: $results = $this->model_catalog_product->getProducts($filter_data);
LINE: 283
CODE: $image = $this->model_tool_image->resize($result['image'], $this->config->get($this->config->get('config_theme') . '_image_product_width'), $this->config->get($this->config->get('config_theme') . '_image_product_height'));
LINE: 287
CODE: $image = $this->model_tool_image->resize('placeholder.png', $this->config->get($this->config->get('config_theme') . '_image_product_width'), $this->config->get($this->config->get('config_theme') . '_image_product_height'));
LINE: 291
CODE: $data['products'][] = array(
LINE: 391
CODE: 'name'        => $result['name'],
LINE: 403
CODE: 'rating'      => $rating,
LINE: 419
CODE: $data['limit'] = $limit;
LINE: 699

FILE: catalog/controller/product/special.php
CODE: $data['compare'] = $this->url->link('product/compare');
LINE: 137
CODE: $results = $this->model_catalog_product->getProductSpecials($filter_data);
LINE: 169
CODE: $image = $this->model_tool_image->resize($result['image'], $this->config->get($this->config->get('config_theme') . '_image_product_width'), $this->config->get($this->config->get('config_theme') . '_image_product_height'));
LINE: 173
CODE: $image = $this->model_tool_image->resize('placeholder.png', $this->config->get($this->config->get('config_theme') . '_image_product_width'), $this->config->get($this->config->get('config_theme') . '_image_product_height'));
LINE: 177
CODE: $data['products'][] = array(
LINE: 279
CODE: 'name'        => $result['name'],
LINE: 291
CODE: 'rating'      => $rating,
LINE: 307
CODE: $data['continue'] = $this->url->link('common/home');
LINE: 490

FILE: catalog/controller/startup/seo_pro.php
CODE: $this->cache_data = $this->cache->get('seo_pro');
LINE: 9
CODE: } elseif (count($url) > 1) {
LINE: 87
CODE: $this->request->get['route'] = 'information/information';
LINE: 118
CODE: case 'information_id':
LINE: 210
CODE: case 'product/category':
LINE: 192
CODE: default:
LINE: 264
CODE: return urldecode(http_build_query(array_diff_key($this->request->get, array_flip($exclude))));
LINE: 462

FILE: catalog/controller/startup/seo_url.php
CODE: if ($url[0] == 'manufacturer_id') {
LINE: 57
CODE: if ($query->row['query'] && $url[0] != 'information_id' && $url[0] != 'manufacturer_id' && $url[0] != 'category_id' && $url[0] != 'product_id') {
LINE: 65
CODE: $this->request->get['route'] = 'information/information';
LINE: 97
CODE: if (($data['route'] == 'product/product' && $key == 'product_id') || (($data['route'] == 'product/manufacturer/info' || $data['route'] == 'product/product') && $key == 'manufacturer_id') || ($data['route'] == 'information/information' && $key == 'information_id')) {
LINE: 114
CODE: } elseif ($key == 'path') {
LINE: 158

FILE: catalog/language/ru-ru/ru-ru.php
CODE: $_['text_home']             = '<i class="fa fa-home"></i>';
LINE: 12
CODE: $_['text_home']				= '<i class="fa fa-home"></i>';
NOT FOUND - OPERATION SKIPPED!

FILE: catalog/language/en-gb/en-gb.php
CODE: $_['text_home']             = '<i class="fa fa-home"></i>';
LINE: 12

FILE: catalog/model/account/wishlist.php
CODE: return $query->row['total'];
LINE: 84

FILE: catalog/model/catalog/category.php
CODE: public function getTotalCategoriesByCategoryId($parent_id = 0) {
LINE: 80

FILE: catalog/model/catalog/product.php
CODE: if ($query->num_rows) {
LINE: 17
CODE: public function getProducts($data = array()) {
LINE: 67
CODE: if (!empty($data['filter_category_id'])) {
LINE: 95
CODE: $sql .= " LEFT JOIN " . DB_PREFIX . "product_filter pf ON (p2c.product_id = pf.product_id) LEFT JOIN " . DB_PREFIX . "product p ON (pf.product_id = p.product_id)";
LINE: 103
LINE: 461
CODE: $sql .= " FROM " . DB_PREFIX . "product p";
LINE: 118
CODE: if (!empty($data['filter_category_id'])) {
LINE: 129
CODE: $sql .= " AND pf.filter_id IN (" . implode(',', $implode) . ")";
LINE: 156
CODE: $sql .= " GROUP BY p.product_id";
LINE: 235
CODE: 'p.quantity',
LINE: 243
CODE: 'p.date_added'
LINE: 247
CODE: $sql .= " ORDER BY (CASE WHEN special IS NOT NULL THEN special WHEN discount IS NOT NULL THEN discount ELSE p.price END)";
LINE: 261
CODE: $sql .= " ORDER BY " . $data['sort'];
LINE: 269
CODE: public function getProductOptions($product_id) {
LINE: 442
CODE: return $product_option_data;
LINE: 442
CODE: $sql = "SELECT COUNT(DISTINCT p.product_id) AS total";
LINE: 527
CODE: $sql .= " AND pf.filter_id IN (" . implode(',', $implode) . ")";
LINE: 588
CODE: $sql .= " AND p.manufacturer_id = '" . (int)$data['filter_manufacturer_id'] . "'";
LINE: 665
CODE: return $query->row['total'];
LINE: 670
CODE: public function getTotalProductSpecials(
LINE: 710
CODE: $data['logo'] = $this->config->get('config_url') . 'image/' . $this->config->get('config_logo');
LINE: 418
CODE: $data['link'] = $order_info['store_url'] . 'index.php?route=account/order/info&order_id=' . $order_id;
LINE: 443
CODE: $this->load->model('tool/upload');
LINE: 546
CODE: foreach ($order_product_query->rows as $product) {
LINE: 563
CODE: 'option'   => $option_data,
LINE: 593
CODE: 'quantity' => $product['quantity'],
LINE: 597
CODE: $mail->setTo($order_info['email']);
LINE: 711

FILE: catalog/model/tool/image.php
CODE: return $this->config->get('config_url') . 'image/' . $new_image;
NOT FOUND - OPERATIONS ABORTED!

FILE: system/library/cart/currency.php
CODE: $symbol_left = $this->currencies[$currency]['symbol_left'];
LINE: 24
CODE: $symbol_right = $this->currencies[$currency]['symbol_right'];
LINE: 28
CODE: if ($symbol_left) {
LINE: 48
CODE: if ($symbol_right) {
LINE: 58

FILE: system/library/pagination.php
CODE: $output .= '<li><a href="' . str_replace(array('&amp;page={page}', '?page={page}', '&page={page}'), '', $this->url) . '">' . $this->text_first . '</a></li>';
LINE: 35
CODE: $output .= '<li><a href="' . str_replace(array('&amp;page={page}', '&page={page}'), '', $this->url) . '">' . $this->text_first . '</a></li>';
NOT FOUND - OPERATION SKIPPED!
CODE: $output .= '<li><a href="' . str_replace(array('&amp;page={page}', '?page={page}', '&page={page}'), '', $this->url) . '">' . $this->text_prev . '</a></li>';
LINE: 40
CODE: $output .= '<li><a href="' . str_replace(array('&amp;page={page}', '?page={page}', '&page={page}'), '', $this->url) . '">' . $this->text_prev . '</a></li>';
NOT FOUND - OPERATION SKIPPED!
CODE: $output .= '<li><a href="' . str_replace(array('&amp;page={page}', '?page={page}', '&page={page}'), '', $this->url) . '">' . $i . '</a></li>';
LINE: 72
CODE: $output .= '<li><a href="' . str_replace(array('&amp;page={page}', '&page={page}'), '', $this->url) . '">' . $i . '</a></li>';
NOT FOUND - OPERATION SKIPPED!

FILE: system/library/cart/cart.php
CODE: $product_data[] = array(
LINE: 244

FILE: system/library/image.php
CODE: public function save($file, $quality = 90) {
LINE: 45
----------------------------------------------------------------
MOD: Options Description
CODE: 'name'                 => $product_option['name'],
LINE: 479
CODE: public function getProductDiscounts
LINE: 497
CODE: public function getProduct($product_id) {
LINE: 9
CODE: 'name'                 => $option['name'],
LINE: 532

FILE: catalog/view/theme/default/template/product/product.tpl
CODE: <?php foreach ($options as $option) { ?>
LINE: 182
CODE: <?php echo $option['name']; ?></label>
LINE: 185
LINE: 200
LINE: 221
LINE: 242
LINE: 248
LINE: 254
LINE: 261
LINE: 271
LINE: 281

FILE: catalog/view/theme/theme_lightshop/template/product/product.tpl
CODE: <?php foreach ($options as $option) { ?>
NOT FOUND - OPERATIONS ABORTED!

FILE: admin/view/template/catalog/option_form.tpl
CODE: <label class="col-sm-2 control-label" for="input-sort-order">
LINE: 125
CODE: <?php echo $footer; ?>
LINE: 221

FILE: admin/model/catalog/option.php
CODE: public function getTotalOptions() {
LINE: 172
CODE: public function getTotalOptions() {
LINE: 179
CODE: name = '" . $this->db->escape($value['name']) . "'
LINE: 8
LINE: 32
CODE: 'name' => $result['name']
LINE: 117
----------------------------------------------------------------
MOD: Sainent Product Attribute List By Attribute Group

FILE: admin/controller/catalog/product.php
CODE: $this->load->model('catalog/attribute');
LINE: 1224
CODE: public function index() {
LINE: 16

FILE: admin/view/template/catalog/product_form.tpl
CODE: <div class="tab-pane" id="tab-attribute">
LINE: 468
CODE: function addAttribute() {
LINE: 1162
----------------------------------------------------------------
MOD: Enable Related Product
CODE: $query = $this->db->query("SELECT * FROM " . DB_PREFIX . "product_related pr LEFT JOIN " . DB_PREFIX . "product p ON (pr.related_id = p.product_id) LEFT JOIN " . DB_PREFIX . "product_to_store p2s ON (p.product_id = p2s.product_id) WHERE pr.product_id = '" . (int)$product_id . "' AND p.status = '1' AND p.date_available <= NOW() AND p2s.store_id = '" . (int)$this->config->get('config_store_id') . "'");
LINE: 515
CODE: $product_data[$result['related_id']] = $this->getProduct($result['related_id']);
LINE: 518
----------------------------------------------------------------
MOD: Catalog Options
CODE: $data['products'][]
LINE: 550
LINE: 1237
LINE: 1623
CODE: 'rating'      => $result['rating'],
NOT FOUND - OPERATIONS ABORTED!
CODE: $data['products'][]
LINE: 429
CODE: 'rating'      => $result['rating'],
NOT FOUND - OPERATIONS ABORTED!
CODE: $data['products'][]
LINE: 438
CODE: 'rating'      => $result['rating'],
NOT FOUND - OPERATIONS ABORTED!
CODE: $data['products'][]
LINE: 317
CODE: 'rating'      => $result['rating'],
NOT FOUND - OPERATIONS ABORTED!

FILE: catalog/view/theme/default/template/product/category.tpl
CODE: <div class="button-group">
LINE: 141

FILE: catalog/view/theme/theme_lightshop/template/product/category.tpl
CODE: <div class="button-group">
NOT FOUND - OPERATIONS ABORTED!

FILE: catalog/view/theme/default/template/product/search.tpl
CODE: <div class="button-group">
LINE: 156

FILE: catalog/view/theme/theme_lightshop/template/product/search.tpl
CODE: <div class="button-group">
NOT FOUND - OPERATIONS ABORTED!

FILE: catalog/view/theme/default/template/product/manufacturer_info.tpl
CODE: <div class="button-group">
LINE: 115

FILE: catalog/view/theme/theme_lightshop/template/product/manufacturer_info.tpl
CODE: <div class="button-group">
NOT FOUND - OPERATIONS ABORTED!

FILE: catalog/view/theme/default/template/product/special.tpl
CODE: <div class="button-group">
LINE: 104

FILE: catalog/view/theme/theme_lightshop/template/product/special.tpl
CODE: <div class="button-group">
NOT FOUND - OPERATIONS ABORTED!
----------------------------------------------------------------
MOD: <font color="#000"><b>Admin Search for products and model by any keyword</b></font>
CODE: $sql .= " AND pd.name LIKE '" . $this->db->escape($data['filter_name']) . "%'";
LINE: 374
LINE: 663
CODE: $sql .= " AND p.model LIKE '" . $this->db->escape($data['filter_model']) . "%'";
LINE: 380
LINE: 671
----------------------------------------------------------------
MOD: OCFilter Modification
CODE: function getForm() {
LINE: 651
CODE: $this->language->get('tab_general');
LINE: 775
CODE: if ($this->user->hasPermission('access', 'catalog/filter')) {
LINE: 120

FILE: admin/language/en-gb/catalog/product.php
CODE: $_['text_success']
LINE: 12

FILE: admin/language/ru-ru/catalog/product.php
CODE: $_['text_success']
LINE: 12
CODE: $_['text_option']
LINE: 46
CODE: $_['text_option']
LINE: 47
CODE: if (isset($data['product_recurring'])) {
LINE: 137
CODE: if (isset($data['product_recurring'])) {
LINE: 313
CODE: $data['product_attribute'] = $this->getProductAttributes($product_id);
LINE: 342
CODE: $this->db->query("DELETE FROM " . DB_PREFIX . "product WHERE product_id = '" . (int)$product_id . "'");
LINE: 369
CODE: <?php echo $footer; ?>
LINE: 1523

FILE: catalog/controller/startup/maintenance.php
CODE: index() {
LINE: 7
CODE: $this->url->addRewrite($this);
LINE: 12
CODE: $this->url->addRewrite($this);
LINE: 36
CODE: $this->url->addRewrite($this, $lang_data);
NOT FOUND - OPERATION SKIPPED!
CODE: $sql .= " LEFT JOIN " . DB_PREFIX . "product_description
LINE: 139
LINE: 604
CODE: if (!empty($data['filter_manufacturer_id
LINE: 237
LINE: 702
CODE: $data['breadcrumbs'] = array();
LINE: 76
CODE: $product_total =
LINE: 359
LINE: 1126
LINE: 1477
LINE: 1489
LINE: 1498
CODE: if (isset($this->request->get['filter'])) {
LINE: 609
CODE: if (isset($this->request->get['filter'])) {
LINE: 649
CODE: if (isset($this->request->get['filter'])) {
LINE: 684
CODE: $data['limit'] = $limit;
LINE: 833

FILE: system/library/document.php
CODE: public function getLinks
LINE: 52
CODE: private $keywords;
LINE: 9
CODE: public function setTitle($title) {
LINE: 26
CODE: $data['scripts'] = $this->document->getScripts();
LINE: 38
LINE: 570

FILE: catalog/view/theme/default/template/common/header.tpl
CODE: </title>
LINE: 18
----------------------------------------------------------------
MOD: <font color="#000000">OCext Feed Generator Yandex Market for OpenCart 2.3</font>
CODE: $data['tab_attribute'] = $this->language->get('tab_attribute');
LINE: 796
CODE: $data['footer'] = $this->load->controller('common/footer');
LINE: 649
LINE: 1532
CODE: <li><a href="#tab-design" data-toggle="tab"><?php echo $tab_design; ?></a></li>
LINE: 47
CODE: <div class="tab-pane" id="tab-reward">
LINE: 925
----------------------------------------------------------------
MOD: Y.CMS 2.0 for Opencart 2.0.x - 2.3.x
CODE: // History
LINE: 376
CODE: </tfoot>
LINE: 132
REGEX: ~o.date_added, o.date_modified FROM~
LINE: 175
REGEX: /\$query\s=\s\$this->db->query\(\$sql\);\s+return\s\$query->rows;/
LINE: 246

FILE: admin/language/en-gb/sale/order.php
REGEX: ~(\$_\[\'text_add\'\])~
LINE: 8

FILE: admin/language/ru-ru/sale/order.php
REGEX: ~(\$_\[\'text_add\'\])~
LINE: 8

FILE: system/library/mail.php
CODE: basename(urlencode($attachment))
NOT FOUND - OPERATIONS ABORTED!
CODE: $results = $this->model_sale_order->getOrders($filter_data);
LINE: 210
CODE: 'shipping_code' => $result['shipping_code'],
LINE: 228
CODE: $data['button_add'] = $this->language->get('button_add');
LINE: 267

FILE: admin/view/template/sale/order_list.tpl
REGEX: ~(\<\/i\>\<\/)(button|a)(\>)(\<\/td\>)~
LINE: 147
CODE: $('input[name^=\'selected\']:first').trigger('change');
LINE: 333
CODE: $data['newsletter'] = $this->url->link('account/newsletter'
LINE: 197

FILE: catalog/controller/checkout/success.php
CODE: if (isset($this->session->data['order_id'])) {
LINE: 10

FILE: catalog/view/theme/default/template/common/success.tpl
CODE: <?php echo $footer; ?>
LINE: 24

FILE: catalog/view/theme/theme_lightshop/template/common/success.tpl
CODE: <?php echo $footer; ?>
LINE: 91

FILE: catalog/view/theme/default/template/common/footer.tpl
CODE: <footer
LINE: 29
CODE: <p><?php echo $powered; ?></p>
LINE: 75

FILE: catalog/view/theme/theme_lightshop/template/common/footer.tpl
CODE: <footer
LINE: 43
CODE: <p><?php echo $powered; ?></p>
NOT FOUND - OPERATIONS ABORTED!
CODE: $('.alert').remove();
LINE: 383
LINE: 410
LINE: 440
LINE: 470
LINE: 500
LINE: 530
LINE: 558
LINE: 611
LINE: 684
CODE: $('#button-history').on('click', function() {
LINE: 590
CODE: </head
LINE: 55
LINE: 107
CODE: if ($product_info) {
LINE: 193
CODE: $data['price'] = $this->currency->format($this->tax->calculate($product_info['price'], $product_info['tax_class_id'], $this->config->get('config_tax')), $this->session->data['currency']);
LINE: 479
CODE: <?php if ($options) { ?>
LINE: 170
CODE: <?php echo $footer; ?>
LINE: 638
CODE: <?php echo $footer; ?>
LINE: 652
----------------------------------------------------------------
2019-07-12 18:06:25 - MOD: Modification Default

FILE: system/engine/action.php
REGEX: ~(require|include)(_once)?\(([^)]+)~
LINE: 41

FILE: system/engine/loader.php
REGEX: ~(require|include)(_once)?\(([^)]+)~
LINE: 49
LINE: 108
LINE: 120
LINE: 165

FILE: system/library/config.php
REGEX: ~(require|include)(_once)?\(([^)]+)~
LINE: 23

FILE: system/library/language.php
REGEX: ~(require|include)(_once)?\(([^)]+)~
LINE: 38
LINE: 40
LINE: 49
LINE: 51
LINE: 60
LINE: 62

FILE: system/library/template/php.php
REGEX: ~(require|include)(_once)?\(([^)]+)~
LINE: 18

FILE: system/library/template/tiwg.php
REGEX: ~(require|include)(_once)?\(([^)]+)~
LINE: 24
----------------------------------------------------------------
MOD: Export/Import Tool (V3.10) for Ocstore 2.x

FILE: admin/controller/common/column_left.php
CODE: if ($this->user->hasPermission('access', 'tool/log')) {
LINE: 665

FILE: admin/language/en-gb/common/column_left.php
CODE: $_['text_backup']
LINE: 9

FILE: admin/language/ru-ru/common/column_left.php
CODE: $_['text_backup']
LINE: 9
----------------------------------------------------------------
MOD: fondy_payment

FILE: catalog/controller/checkout/checkout.php
CODE: public function index() {
LINE: 11

FILE: catalog/view/theme/default/template/checkout/checkout.tpl
CODE: <h1><?php echo $heading_title; ?></h1>
LINE: 26

FILE: catalog/view/theme/theme_lightshop/template/checkout/checkout.tpl
CODE: <h1><?php echo $heading_title; ?></h1>
NOT FOUND - OPERATIONS ABORTED!
----------------------------------------------------------------
MOD: Local copy OCMOD by iSenseLabs

FILE: admin/controller/extension/installer.php
CODE: 'url'  => str_replace('&amp;', '&', $this->url->link('extension/installer/ftp', 'token=' . $this->session->data['token'],
LINE: 131
CODE: public function unzip() {
LINE: 292
----------------------------------------------------------------
MOD: OCMOD installer upload fix
CODE: if ($root) {
LINE: 381
----------------------------------------------------------------
MOD: OcStore 2.3.x track number

FILE: admin/controller/sale/order.php
CODE: $data['shipping_method'] = $order_info['shipping_method'];
LINE: 567
LINE: 942
CODE: public function history() {
LINE: 1545

FILE: admin/model/sale/order.php
CODE: $order_query->row['order_id'],
LINE: 96

FILE: catalog/model/checkout/order.php
CODE: $order_query->row['order_id'],
LINE: 170

FILE: admin/view/template/sale/order_info.tpl
CODE: <td><?php echo $text_reward; ?></td>
LINE: 100
CODE: <?php echo $footer; ?>
LINE: 700

FILE: catalog/model/account/order.php
CODE: $order_query->row['order_id'],
LINE: 46

FILE: catalog/controller/account/order.php
CODE: if ($order_info['invoice_no']) {
LINE: 210

FILE: catalog/view/theme/default/template/account/order_info.tpl
CODE: <b><?php echo $text_shipping_method; ?></b> <?php echo $shipping_method; ?>
LINE: 49

FILE: catalog/view/theme/theme_lightshop/template/account/order_info.tpl
CODE: <b><?php echo $text_shipping_method; ?></b> <?php echo $shipping_method; ?>
LINE: 62
----------------------------------------------------------------
MOD: Lightshop theme ocStore 2.3
CODE: if ($catalog) {
LINE: 218
CODE: $voucher = array();
LINE: 382

FILE: admin/controller/common/dashboard.php
CODE: $data['header'] = $this->load->controller('common/header');
LINE: 81

FILE: admin/controller/common/header.php
CODE: $data['affiliate_approval'] = $this->url->link('marketing/affiliate', 'token=' . $this->session->data['token'] . '&filter_approved=1', true);
LINE: 130
CODE: $data['alerts'] = $customer_total + $product_total + $review_total + $return_total + $affiliate_total;
LINE: 132

FILE: admin/controller/extension/module/filter.php
CODE: $data['header'] = $this->load->controller('common/header');
LINE: 75

FILE: admin/controller/extension/module/html.php
CODE: if (isset($this->request->post['status'])) {
LINE: 124

FILE: admin/language/ru-ru/common/header.php
CODE: $_['text_logout']
LINE: 27

FILE: admin/language/en-gb/common/header.php
CODE: $_['text_logout']
LINE: 27
CODE: $_['text_other_status']
LINE: 116
CODE: $_['text_other_status']              = 'Other Statuses';
LINE: 115

FILE: admin/model/catalog/manufacturer.php
CODE: $sql .= " AND name LIKE '" . $this->db->escape($data['filter_name']) . "%'";
LINE: 118

FILE: admin/model/catalog/product.php
CODE: $this->db->query("DELETE FROM " . DB_PREFIX . "coupon_product WHERE product_id = '" . (int)$product_id . "'");
LINE: 351

FILE: admin/view/template/common/header.tpl
CODE: <li><a href="<?php echo $return; ?>"><span class="label label-danger pull-right"><?php echo $return_total; ?></span><?php echo $text_return; ?></a></li>
LINE: 59

FILE: admin/view/template/extension/module/filter.tpl
CODE: <form action="<?php echo $action; ?>" method="post" enctype="multipart/form-data" id="form-filter" class="form-horizontal">
LINE: 37

FILE: admin/view/template/extension/extension/analytics.tpl
CODE: <?php } ?>
LINE: 32
CODE: <?php } else { ?>
LINE: 46

FILE: catalog/controller/account/address.php
CODE: $data['entry_default'] = $this->language->get('entry_default');
LINE: 319
CODE: $data['button_upload'] = $this->language->get('button_upload');
LINE: 366
CODE: $this->error['custom_field'][$custom_field['custom_field_id']] = sprintf($this->language->get('error_custom_field'), $custom_field['name']);
LINE: 598

FILE: catalog/controller/account/edit.php
CODE: $data['button_upload'] = $this->language->get('button_upload');
LINE: 123
CODE: $data['action'] = $this->url->link('account/edit', '', true);
LINE: 208
CODE: $this->error['telephone'] = $this->language->get('error_telephone');
LINE: 307
CODE: $this->error['custom_field'][$custom_field['custom_field_id']] = sprintf($this->language->get('error_custom_field'), $custom_field['name']);
LINE: 337

FILE: catalog/controller/account/login.php
CODE: $data['text_forgotten'] = $this->language->get('text_forgotten');
LINE: 127

FILE: catalog/controller/account/register.php
CODE: $data['customer_group_id'] = $this->request->post['customer_group_id'];
LINE: 194
CODE: if (isset($this->request->post['firstname'])) {
LINE: 227
CODE: if (isset($this->error['city'])) {
LINE: 138
CODE: if (isset($this->error['zone'])) {
LINE: 168
CODE: $this->error['warning'] = sprintf($this->language->get('error_agree'), $information_info['title']);
LINE: 513

FILE: catalog/controller/account/voucher.php
CODE: $this->load->language('account/voucher');
LINE: 8
CODE: $data['help_message'] = $this->language->get('help_message');
LINE: 79
CODE: $data['action'] = $this->url->link('account/voucher', '', true);
LINE: 136
CODE: $data['column_left'] = $this->load->controller('common/column_left');
LINE: 203
CODE: return !$this->error;
LINE: 291

FILE: catalog/controller/account/wishlist.php
CODE: if (!$this->customer->isLogged()) {
LINE: 3
CODE: $this->load->language('account/wishlist');
LINE: 14
CODE: $this->model_account_wishlist->deleteWishlist($this->request->get['remove']);
LINE: 24
CODE: $data['products'] = array();
LINE: 78
CODE: $results = $this->model_account_wishlist->getWishlist();
LINE: 80
CODE: if ($product_info) {
LINE: 98
CODE: if ($product_info['image']) {
LINE: 111
CODE: $image = false;
LINE: 102
CODE: 'stock'      => $stock,
LINE: 151
CODE: $this->model_account_wishlist->deleteWishlist($result['product_id']);
LINE: 158
CODE: public function add() {
LINE: 179
CODE: if ($this->customer->isLogged()) {
LINE: 195
CODE: $this->model_account_wishlist->addWishlist($this->request->post['product_id']);
LINE: 201
CODE: $json['total'] = sprintf($this->language->get('text_wishlist'), $this->model_account_wishlist->getTotalWishlist());
LINE: 207
CODE: $this->response->setOutput(json_encode($json));
LINE: 302

FILE: catalog/controller/affiliate/tracking.php
CODE: $this->load->model('catalog/product');
LINE: 63
CODE: foreach ($results as $result) {
LINE: 94
CODE: 'name' => strip_tags(html_entity_decode($result['name'], ENT_QUOTES, 'UTF-8')),
LINE: 102

FILE: catalog/controller/api/customer.php
CODE: $customer_group_id = $this->config->get('config_customer_group_id');
LINE: 85

FILE: catalog/controller/api/payment.php
CODE: $json['error']['custom_field' . $custom_field['custom_field_id']] = sprintf($this->language->get('error_custom_field'), $custom_field['name']);
LINE: 91

FILE: catalog/controller/api/shipping.php
CODE: $json['error']['custom_field' . $custom_field['custom_field_id']] = sprintf($this->language->get('error_custom_field'), $custom_field['name']);
LINE: 92

FILE: catalog/controller/checkout/cart.php
CODE: if ($this->cart->hasProducts() || !empty($this->session->data['vouchers'])) {
LINE: 71
CODE: $image = $this->model_tool_image->resize($product['image'], $this->config->get($this->config->get('config_theme') . '_image_cart_width'), $this->config->get($this->config->get('config_theme') . '_image_cart_height'));
LINE: 149
CODE: $json['total'] = sprintf($this->language->get('text_items'), $this->cart->countProducts() + (isset($this->session->data['vouchers']) ? count($this->session->data['vouchers']) : 0), $this->currency->format($total, $this->session->data['currency']));
LINE: 523
LINE: 666
CODE: if ($this->cart->hasShipping()) {
LINE: 94

FILE: catalog/controller/checkout/confirm.php
CODE: if (!isset($this->session->data['shipping_method'])) {
LINE: 15
CODE: $redirect = $this->url->link('checkout/checkout', '', true);
LINE: 19
CODE: $redirect = $this->url->link('checkout/checkout', '', true);
LINE: 27
CODE: if (!isset($this->session->data['payment_method'])) {
LINE: 47
CODE: $redirect = $this->url->link('checkout/checkout', '', true);
LINE: 51
CODE: $redirect = $this->url->link('checkout/checkout', '', true);
LINE: 58
CODE: if (!isset($this->session->data['payment_address'])) {
LINE: 42

FILE: catalog/controller/checkout/guest.php
CODE: if (isset($this->session->data['guest']['customer_group_id'])) {
LINE: 44
CODE: if (isset($this->session->data['guest']['firstname'])) {
LINE: 97
CODE: if ($this->customer->isLogged()) {
LINE: 230
CODE: $customer_group_id = $this->request->post['customer_group_id'];
LINE: 287
CODE: if (isset($this->request->post['customer_group_id']) && is_array
LINE: 289
CODE: $this->session->data['account'] = 'guest';
LINE: 343

FILE: catalog/controller/checkout/guest_shipping.php
CODE: $data['button_upload'] = $this->language->get('button_upload');
LINE: 66
CODE: if ((utf8_strlen(trim($this->request->post['address_1'])) < 3) || (utf8_strlen(trim($this->request->post['address_1'])) > 128)) {
LINE: 174
CODE: $this->session->data['shipping_address']['firstname'] = $this->request->post['firstname'];
LINE: 234

FILE: catalog/controller/checkout/login.php
CODE: $data['text_loading'] = $this->language->get('text_loading');
LINE: 21

FILE: catalog/controller/checkout/payment_address.php
CODE: $data['entry_zone'] = $this->language->get('entry_zone');
LINE: 71
CODE: $this->load->model('localisation/country');
LINE: 194
CODE: $json['error']['custom_field' . $custom_field['custom_field_id']] = sprintf($this->language->get('error_custom_field'), $custom_field['name']);
LINE: 238

FILE: catalog/controller/checkout/payment_method.php
CODE: if (isset($this->session->data['payment_address'])) {
LINE: 11

FILE: catalog/controller/checkout/register.php
CODE: $data['zone_id'] = '';
LINE: 115
CODE: $customer_id = $this->model_account_customer->addCustomer($this->request->post);
LINE: 304

FILE: catalog/controller/checkout/shipping_address.php
CODE: $data['button_upload'] = $this->language->get('button_upload');
LINE: 73
CODE: $this->load->model('localisation/country');
LINE: 201
CODE: $json['error']['custom_field' . $custom_field['custom_field_id']] = sprintf($this->language->get('error_custom_field'), $custom_field['name']);
LINE: 244

FILE: catalog/controller/checkout/shipping_method.php
CODE: $this->response->setOutput($this->load->view('checkout/shipping_method', $data));
LINE: 77

FILE: catalog/controller/common/cart.php
CODE: $data['text_recurring'] = $this->language->get('text_recurring');
LINE: 102
CODE: $image = $this->model_tool_image->resize($product['image'], $this->config->get($this->config->get('config_theme') . '_image_cart_width'), $this->config->get($this->config->get('config_theme') . '_image_cart_height'));
LINE: 115
CODE: 'title' => $total['title'],
LINE: 189
CODE: return $this->load->view('common/cart', $data);
LINE: 198
CODE: $data['text_items'] = sprintf($this->language->get('text_items'), $this->cart->countProducts() + (isset($this->session->data['vouchers']) ? count($this->session->data['vouchers']) : 0), $this->currency->format($total, $this->session->data['currency']));
LINE: 103

FILE: catalog/controller/common/currency.php
CODE: $this->response->redirect($this->request->post['redirect']);
LINE: 67

FILE: catalog/controller/common/column_left.php
CODE: $setting_info = $this->model_extension_module->getModule($part[1]);
LINE: 62

FILE: catalog/controller/common/column_right.php
CODE: $setting_info = $this->model_extension_module->getModule($part[1]);
LINE: 62

FILE: catalog/controller/common/footer.php
CODE: $this->load->language('common/footer');
LINE: 7
CODE: $data['scripts'] = $this->document->getScripts('footer');
LINE: 63
CODE: $data['text_newsletter'] = $this->language->get('text_newsletter');
LINE: 167
CODE: $data['newsletter'] = $this->url->link('account/newsletter', '', true);
LINE: 197
CODE: return $this->load->view('common/footer', $data);
LINE: 237

FILE: catalog/controller/common/header.php
CODE: $data['telephone'] = $this->config->get('config_telephone');
LINE: 314
CODE: $data['categories'] = array();
LINE: 324
CODE: $data['categories'] = array();
LINE: 333
CODE: $children = $this->model_catalog_category->getCategories($category['category_id']);
LINE: 345
CODE: foreach ($children as $child) {
LINE: 353
CODE: 'filter_category_id'  => $child['category_id'],
LINE: 355
CODE: $children_data[] = array(
LINE: 361
CODE: 'href'  => $this->url->link('product/category', 'path=' . $category['category_id'] . '_' . $child['category_id'])
LINE: 380
CODE: $data['categories'][] = array(
LINE: 388
CODE: 'name'     => $category['name'],
LINE: 394
CODE: 'children' => $children_data,
LINE: 398
CODE: 'href'     => $this->url->link('product/category', 'path=' . $category['category_id'])
LINE: 404
CODE: $data['language'] = $this->load->controller('common/language');
LINE: 417
CODE: $data['cart'] = $this->load->controller('common/cart');
LINE: 423
CODE: return $this->load->view('common/header', $data);
LINE: 519
CODE: return $this->load->view('common/header'.$data['header_type'], $data);
LINE: 997

FILE: catalog/controller/error/not_found.php
CODE: $this->response->setOutput($this->load->view('error/not_found', $data));
LINE: 52

FILE: catalog/controller/extension/captcha/google_captcha.php
CODE: $data['route'] = $this->request->get['route'];
LINE: 19

FILE: catalog/controller/extension/feed/google_sitemap.php
CODE: $output .= '</urlset>';
LINE: 104
CODE: return $output;
LINE: 184

FILE: catalog/controller/extension/module/account.php
CODE: $data['logged'] = $this->customer->isLogged();
LINE: 30

FILE: catalog/controller/extension/module/affiliate.php
CODE: $data['logged'] = $this->affiliate->isLogged();
LINE: 24

FILE: catalog/controller/extension/module/filter.php
CODE: $this->load->model('catalog/category');
LINE: 14
CODE: $data['button_filter'] = $this->language->get('button_filter');
LINE: 53

FILE: catalog/controller/extension/module/information.php
CODE: $data['text_sitemap'] = $this->language->get('text_sitemap');
LINE: 14

FILE: catalog/controller/extension/module/latest.php
CODE: if ($results) {
LINE: 49
CODE: $data['products'][] = array(
LINE: 101
CODE: 'special'     => $special,
LINE: 112

FILE: catalog/controller/extension/module/bestseller.php
CODE: if ($results) {
LINE: 42
CODE: $data['products'][] = array(
LINE: 94
CODE: 'special'     => $special,
LINE: 105

FILE: catalog/controller/extension/module/special.php
CODE: if ($results) {
LINE: 49
CODE: $data['products'][] = array(
LINE: 101
CODE: 'special'     => $special,
LINE: 112
CODE: return $this->load->view('extension/module/bestseller', $data);
LINE: 112
CODE: return $this->load->view('extension/module/special', $data);
LINE: 119
CODE: return $this->load->view('extension/module/latest', $data);
LINE: 119

FILE: catalog/controller/extension/module/featured.php
CODE: if (!empty($setting['product'])) {
LINE: 45
CODE: $data['products'][] = array(
LINE: 102
CODE: 'special'     => $special,
LINE: 113
CODE: return $this->load->view('extension/module/featured', $data);
LINE: 123

FILE: catalog/controller/extension/total/coupon.php
CODE: $data['button_coupon'] = $this->language->get('button_coupon');
LINE: 18

FILE: catalog/controller/extension/total/reward.php
CODE: $data['text_loading'] = $this->language->get('text_loading');
LINE: 24

FILE: catalog/controller/extension/total/shipping.php
CODE: $data['text_loading'] = $this->language->get('text_loading');
LINE: 18

FILE: catalog/controller/extension/total/voucher.php
CODE: $data['text_loading'] = $this->language->get('text_loading');
LINE: 14

FILE: catalog/controller/information/contact.php
CODE: $this->document->setTitle($this->language->get('heading_title'));
LINE: 5
CODE: $data['heading_title'] = $this->language->get('heading_title');
LINE: 73

FILE: catalog/controller/information/information.php
CODE: if ($information_info) {
LINE: 27
CODE: $this->response->setOutput($this->load->view('error/not_found', $data));
LINE: 88

FILE: catalog/controller/information/sitemap.php
CODE: $data['text_contact'] = $this->language->get('text_contact');
LINE: 40
CODE: $data['column_left'] = $this->load->controller('common/column_left');
LINE: 130
CODE: $this->response->setOutput($this->load->view('information/sitemap', $data));
LINE: 180

FILE: catalog/controller/product/category.php
CODE: $this->load->model('tool/image');
LINE: 16
CODE: if (isset($this->request->get['sort'])) {
LINE: 45
CODE: $url .= '&limit=' . $this->request->get['limit'];
LINE: 100
CODE: $url .= '&limit=' . $this->request->get['limit'];
LINE: 233
LINE: 421
CODE: $category_id = (int)array_pop($parts);
LINE: 110
CODE: 'text' => $category_info['name'],
LINE: 150
CODE: 'href' => $this->url->link('product/category', 'path=' . $path . $url)
LINE: 154
CODE: 'href' => $this->url->link('product/category', 'path=' . $path . $url)
LINE: 151
CODE: $category_id = 0;
LINE: 166
CODE: $data['button_grid'] = $this->language->get('button_grid');
LINE: 253
CODE: $data['thumb'] = $this->model_tool_image->resize($category_info['image'], $this->config->get($this->config->get('config_theme') . '_image_category_width'), $this->config->get($this->config->get('config_theme') . '_image_category_height'));
LINE: 264
CODE: 'name' => $result['name'] . ($this->config->get('config_product_count') ? ' (' . $this->model_catalog_product->getTotalProducts($filter_data) . ')' : ''),
LINE: 320
CODE: 'filter_category_id' => $category_id,
LINE: 332
CODE: 'limit'              => $limit
LINE: 344
CODE: $results = $this->model_catalog_product->getProducts($filter_data);
LINE: 390
CODE: $image = $this->model_tool_image->resize($result['image'], $this->config->get($this->config->get('config_theme') . '_image_product_width'), $this->config->get($this->config->get('config_theme') . '_image_product_height'));
LINE: 396
CODE: $image = $this->model_tool_image->resize('placeholder.png', $this->config->get($this->config->get('config_theme') . '_image_product_width'), $this->config->get($this->config->get('config_theme') . '_image_product_height'));
LINE: 400
CODE: $data['products'][] = array(
LINE: 518
CODE: 'name'        => $result['name'],
LINE: 530
CODE: 'rating'      => $rating,
LINE: 549
CODE: $data['continue'] = $this->url->link('common/home');
LINE: 724
CODE: $this->response->setOutput($this->load->view('product/category', $data));
LINE: 749
CODE: $this->response->setOutput($this->load->view('error/not_found', $data));
LINE: 801
CODE: $this->response->setOutput($this->load->view('error/404', $data));
LINE: 1626

FILE: catalog/controller/product/compare.php
CODE: $data['review_status'] = $this->config->get('config_review_status');
LINE: 75
CODE: $image = $this->model_tool_image->resize($product_info['image'], $this->config->get($this->config->get('config_theme') . '_image_compare_width'), $this->config->get($this->config->get('config_theme') . '_image_compare_height'));
LINE: 86
CODE: $this->response->setOutput(json_encode($json));
LINE: 244

FILE: catalog/controller/product/manufacturer.php
CODE: $data['categories'][$key]['manufacturer'][] = array(
LINE: 56
CODE: 'text' => $manufacturer_info['name'],
LINE: 152
CODE: 'name' => $name,
LINE: 60
CODE: $data['thumb'] = $this->model_tool_image->resize($manufacturer_info['image'], $this->config->get($this->config->get('config_theme') . '_image_category_width'), $this->config->get($this->config->get('config_theme') . '_image_category_height'));
LINE: 175
CODE: $data['button_grid'] = $this->language->get('button_grid');
LINE: 256
CODE: $results = $this->model_catalog_product->getProducts($filter_data);
LINE: 292
CODE: $image = $this->model_tool_image->resize($result['image'], $this->config->get($this->config->get('config_theme') . '_image_product_width'), $this->config->get($this->config->get('config_theme') . '_image_product_height'));
LINE: 296
CODE: $image = $this->model_tool_image->resize('placeholder.png', $this->config->get($this->config->get('config_theme') . '_image_product_width'), $this->config->get($this->config->get('config_theme') . '_image_product_height'));
LINE: 300
CODE: $data['products'][] = array(
LINE: 400
CODE: 'name'        => $result['name'],
LINE: 412
CODE: 'rating'      => $rating,
LINE: 428
CODE: $data['continue'] = $this->url->link('common/home');
LINE: 613
CODE: $this->response->setOutput($this->load->view('error/not_found', $data));
LINE: 670

FILE: catalog/controller/product/product.php
CODE: $this->load->model('catalog/category');
LINE: 17
CODE: $category_id = (int)array_pop($parts);
LINE: 37
CODE: 'text' => $category_info['name'],
LINE: 54
CODE: 'href' => $this->url->link('product/category', 'path=' . $path)
LINE: 58
CODE: 'text' => $category_info['name'],
LINE: 90
CODE: $this->document->addScript('catalog/view/javascript/jquery/magnific/jquery.magnific-popup.min.js');
LINE: 250
CODE: $this->document->addStyle('catalog/view/javascript/jquery/magnific/magnific-popup.css');
LINE: 255
CODE: $this->load->model('tool/image');
LINE: 393
CODE: $data['popup'] = $this->model_tool_image->resize('no_image.png', $this->config->get('config_image_popup_width'), $this->config->get('config_image_popup_height'));;
NOT FOUND - OPERATION SKIPPED!
CODE: $data['popup'] = '';
LINE: 398
CODE: if ($product_info['image']) {
LINE: 414
CODE: $data['thumb'] = '';
LINE: 418
CODE: $data['images'] = array();
LINE: 447
CODE: 'popup' => $this->model_tool_image->resize($result['image'], $this->config->get($this->config->get('config_theme') . '_image_popup_width'), $this->config->get($this->config->get('config_theme') . '_image_popup_height')),
LINE: 453
CODE: 'thumb' => $this->model_tool_image->resize($result['image'], $this->config->get($this->config->get('config_theme') . '_image_additional_width'), $this->config->get($this->config->get('config_theme') . '_image_additional_height'))
LINE: 456
CODE: $data['price'] = $this->currency->format($this->tax->calculate($product_info['price'], $product_info['tax_class_id'], $this->config->get('config_tax')), $this->session->data['currency']);
LINE: 467
CODE: $data['price'] = false;
LINE: 472
CODE: $data['special'] = $this->currency->format($this->tax->calculate($product_info['special'], $product_info['tax_class_id'], $this->config->get('config_tax')), $this->session->data['currency']);
LINE: 479
CODE: $data['special'] = false;
LINE: 484
CODE: $data['review_status'] = $this->config->get('config_review_status');
LINE: 547
CODE: $data['products'] = array();
LINE: 632
CODE: if ($result['image']) {
LINE: 642
CODE: if ($result['image']) {
LINE: 650
CODE: if ($this->customer->isLogged() || !$this->config->get('config_customer_price')) {
LINE: 661
CODE: $data['recurrings'] = $this->model_catalog_product->getProfiles($this->request->get['product_id']);
LINE: 714
CODE: $this->response->setOutput($this->load->view('error/not_found', $data));
LINE: 843
CODE: $data['reviews'] = array();
LINE: 869
CODE: 'rating'     => (int)$result['rating'],
LINE: 882
CODE: $this->response->setOutput(json_encode($json));
LINE: 1154
CODE: 'href' => $this->url->link('product/search', 'tag=' . trim($tag))
NOT FOUND - OPERATIONS ABORTED!

FILE: catalog/controller/product/search.php
CODE: $data['compare'] = $this->url->link('product/compare');
LINE: 207
CODE: $results = $this->model_catalog_product->getProducts($filter_data);
LINE: 283
CODE: $image = $this->model_tool_image->resize($result['image'], $this->config->get($this->config->get('config_theme') . '_image_product_width'), $this->config->get($this->config->get('config_theme') . '_image_product_height'));
LINE: 287
CODE: $image = $this->model_tool_image->resize('placeholder.png', $this->config->get($this->config->get('config_theme') . '_image_product_width'), $this->config->get($this->config->get('config_theme') . '_image_product_height'));
LINE: 291
CODE: $data['products'][] = array(
LINE: 391
CODE: 'name'        => $result['name'],
LINE: 403
CODE: 'rating'      => $rating,
LINE: 419
CODE: $data['limit'] = $limit;
LINE: 699

FILE: catalog/controller/product/special.php
CODE: $data['compare'] = $this->url->link('product/compare');
LINE: 137
CODE: $results = $this->model_catalog_product->getProductSpecials($filter_data);
LINE: 169
CODE: $image = $this->model_tool_image->resize($result['image'], $this->config->get($this->config->get('config_theme') . '_image_product_width'), $this->config->get($this->config->get('config_theme') . '_image_product_height'));
LINE: 173
CODE: $image = $this->model_tool_image->resize('placeholder.png', $this->config->get($this->config->get('config_theme') . '_image_product_width'), $this->config->get($this->config->get('config_theme') . '_image_product_height'));
LINE: 177
CODE: $data['products'][] = array(
LINE: 279
CODE: 'name'        => $result['name'],
LINE: 291
CODE: 'rating'      => $rating,
LINE: 307
CODE: $data['continue'] = $this->url->link('common/home');
LINE: 490

FILE: catalog/controller/startup/seo_pro.php
CODE: $this->cache_data = $this->cache->get('seo_pro');
LINE: 9
CODE: } elseif (count($url) > 1) {
LINE: 87
CODE: $this->request->get['route'] = 'information/information';
LINE: 118
CODE: case 'information_id':
LINE: 210
CODE: case 'product/category':
LINE: 192
CODE: default:
LINE: 264
CODE: return urldecode(http_build_query(array_diff_key($this->request->get, array_flip($exclude))));
LINE: 462

FILE: catalog/controller/startup/seo_url.php
CODE: if ($url[0] == 'manufacturer_id') {
LINE: 57
CODE: if ($query->row['query'] && $url[0] != 'information_id' && $url[0] != 'manufacturer_id' && $url[0] != 'category_id' && $url[0] != 'product_id') {
LINE: 65
CODE: $this->request->get['route'] = 'information/information';
LINE: 97
CODE: if (($data['route'] == 'product/product' && $key == 'product_id') || (($data['route'] == 'product/manufacturer/info' || $data['route'] == 'product/product') && $key == 'manufacturer_id') || ($data['route'] == 'information/information' && $key == 'information_id')) {
LINE: 114
CODE: } elseif ($key == 'path') {
LINE: 158

FILE: catalog/language/ru-ru/ru-ru.php
CODE: $_['text_home']             = '<i class="fa fa-home"></i>';
LINE: 12
CODE: $_['text_home']				= '<i class="fa fa-home"></i>';
NOT FOUND - OPERATION SKIPPED!

FILE: catalog/language/en-gb/en-gb.php
CODE: $_['text_home']             = '<i class="fa fa-home"></i>';
LINE: 12

FILE: catalog/model/account/wishlist.php
CODE: return $query->row['total'];
LINE: 84

FILE: catalog/model/catalog/category.php
CODE: public function getTotalCategoriesByCategoryId($parent_id = 0) {
LINE: 80

FILE: catalog/model/catalog/product.php
CODE: if ($query->num_rows) {
LINE: 17
CODE: public function getProducts($data = array()) {
LINE: 67
CODE: if (!empty($data['filter_category_id'])) {
LINE: 95
CODE: $sql .= " LEFT JOIN " . DB_PREFIX . "product_filter pf ON (p2c.product_id = pf.product_id) LEFT JOIN " . DB_PREFIX . "product p ON (pf.product_id = p.product_id)";
LINE: 103
LINE: 461
CODE: $sql .= " FROM " . DB_PREFIX . "product p";
LINE: 118
CODE: if (!empty($data['filter_category_id'])) {
LINE: 129
CODE: $sql .= " AND pf.filter_id IN (" . implode(',', $implode) . ")";
LINE: 156
CODE: $sql .= " GROUP BY p.product_id";
LINE: 235
CODE: 'p.quantity',
LINE: 243
CODE: 'p.date_added'
LINE: 247
CODE: $sql .= " ORDER BY (CASE WHEN special IS NOT NULL THEN special WHEN discount IS NOT NULL THEN discount ELSE p.price END)";
LINE: 261
CODE: $sql .= " ORDER BY " . $data['sort'];
LINE: 269
CODE: public function getProductOptions($product_id) {
LINE: 442
CODE: return $product_option_data;
LINE: 442
CODE: $sql = "SELECT COUNT(DISTINCT p.product_id) AS total";
LINE: 527
CODE: $sql .= " AND pf.filter_id IN (" . implode(',', $implode) . ")";
LINE: 588
CODE: $sql .= " AND p.manufacturer_id = '" . (int)$data['filter_manufacturer_id'] . "'";
LINE: 665
CODE: return $query->row['total'];
LINE: 670
CODE: public function getTotalProductSpecials(
LINE: 710
CODE: $data['logo'] = $this->config->get('config_url') . 'image/' . $this->config->get('config_logo');
LINE: 418
CODE: $data['link'] = $order_info['store_url'] . 'index.php?route=account/order/info&order_id=' . $order_id;
LINE: 443
CODE: $this->load->model('tool/upload');
LINE: 546
CODE: foreach ($order_product_query->rows as $product) {
LINE: 563
CODE: 'option'   => $option_data,
LINE: 593
CODE: 'quantity' => $product['quantity'],
LINE: 597
CODE: $mail->setTo($order_info['email']);
LINE: 711

FILE: catalog/model/tool/image.php
CODE: return $this->config->get('config_url') . 'image/' . $new_image;
NOT FOUND - OPERATIONS ABORTED!

FILE: system/library/cart/currency.php
CODE: $symbol_left = $this->currencies[$currency]['symbol_left'];
LINE: 24
CODE: $symbol_right = $this->currencies[$currency]['symbol_right'];
LINE: 28
CODE: if ($symbol_left) {
LINE: 48
CODE: if ($symbol_right) {
LINE: 58

FILE: system/library/pagination.php
CODE: $output .= '<li><a href="' . str_replace(array('&amp;page={page}', '?page={page}', '&page={page}'), '', $this->url) . '">' . $this->text_first . '</a></li>';
LINE: 35
CODE: $output .= '<li><a href="' . str_replace(array('&amp;page={page}', '&page={page}'), '', $this->url) . '">' . $this->text_first . '</a></li>';
NOT FOUND - OPERATION SKIPPED!
CODE: $output .= '<li><a href="' . str_replace(array('&amp;page={page}', '?page={page}', '&page={page}'), '', $this->url) . '">' . $this->text_prev . '</a></li>';
LINE: 40
CODE: $output .= '<li><a href="' . str_replace(array('&amp;page={page}', '?page={page}', '&page={page}'), '', $this->url) . '">' . $this->text_prev . '</a></li>';
NOT FOUND - OPERATION SKIPPED!
CODE: $output .= '<li><a href="' . str_replace(array('&amp;page={page}', '?page={page}', '&page={page}'), '', $this->url) . '">' . $i . '</a></li>';
LINE: 72
CODE: $output .= '<li><a href="' . str_replace(array('&amp;page={page}', '&page={page}'), '', $this->url) . '">' . $i . '</a></li>';
NOT FOUND - OPERATION SKIPPED!

FILE: system/library/cart/cart.php
CODE: $product_data[] = array(
LINE: 244

FILE: system/library/image.php
CODE: public function save($file, $quality = 90) {
LINE: 45
----------------------------------------------------------------
MOD: Options Description
CODE: 'name'                 => $product_option['name'],
LINE: 479
CODE: public function getProductDiscounts
LINE: 497
CODE: public function getProduct($product_id) {
LINE: 9
CODE: 'name'                 => $option['name'],
LINE: 532

FILE: catalog/view/theme/default/template/product/product.tpl
CODE: <?php foreach ($options as $option) { ?>
LINE: 182
CODE: <?php echo $option['name']; ?></label>
LINE: 185
LINE: 200
LINE: 221
LINE: 242
LINE: 248
LINE: 254
LINE: 261
LINE: 271
LINE: 281

FILE: catalog/view/theme/theme_lightshop/template/product/product.tpl
CODE: <?php foreach ($options as $option) { ?>
NOT FOUND - OPERATIONS ABORTED!

FILE: admin/view/template/catalog/option_form.tpl
CODE: <label class="col-sm-2 control-label" for="input-sort-order">
LINE: 125
CODE: <?php echo $footer; ?>
LINE: 221

FILE: admin/model/catalog/option.php
CODE: public function getTotalOptions() {
LINE: 172
CODE: public function getTotalOptions() {
LINE: 179
CODE: name = '" . $this->db->escape($value['name']) . "'
LINE: 8
LINE: 32
CODE: 'name' => $result['name']
LINE: 117
----------------------------------------------------------------
MOD: Sainent Product Attribute List By Attribute Group

FILE: admin/controller/catalog/product.php
CODE: $this->load->model('catalog/attribute');
LINE: 1224
CODE: public function index() {
LINE: 16

FILE: admin/view/template/catalog/product_form.tpl
CODE: <div class="tab-pane" id="tab-attribute">
LINE: 468
CODE: function addAttribute() {
LINE: 1162
----------------------------------------------------------------
MOD: Enable Related Product
CODE: $query = $this->db->query("SELECT * FROM " . DB_PREFIX . "product_related pr LEFT JOIN " . DB_PREFIX . "product p ON (pr.related_id = p.product_id) LEFT JOIN " . DB_PREFIX . "product_to_store p2s ON (p.product_id = p2s.product_id) WHERE pr.product_id = '" . (int)$product_id . "' AND p.status = '1' AND p.date_available <= NOW() AND p2s.store_id = '" . (int)$this->config->get('config_store_id') . "'");
LINE: 515
CODE: $product_data[$result['related_id']] = $this->getProduct($result['related_id']);
LINE: 518
----------------------------------------------------------------
MOD: Catalog Options
CODE: $data['products'][]
LINE: 556
LINE: 1245
LINE: 1631
CODE: 'rating'      => $result['rating'],
NOT FOUND - OPERATIONS ABORTED!
CODE: $data['products'][]
LINE: 429
CODE: 'rating'      => $result['rating'],
NOT FOUND - OPERATIONS ABORTED!
CODE: $data['products'][]
LINE: 438
CODE: 'rating'      => $result['rating'],
NOT FOUND - OPERATIONS ABORTED!
CODE: $data['products'][]
LINE: 317
CODE: 'rating'      => $result['rating'],
NOT FOUND - OPERATIONS ABORTED!

FILE: catalog/view/theme/default/template/product/category.tpl
CODE: <div class="button-group">
LINE: 141

FILE: catalog/view/theme/theme_lightshop/template/product/category.tpl
CODE: <div class="button-group">
NOT FOUND - OPERATIONS ABORTED!

FILE: catalog/view/theme/default/template/product/search.tpl
CODE: <div class="button-group">
LINE: 156

FILE: catalog/view/theme/theme_lightshop/template/product/search.tpl
CODE: <div class="button-group">
NOT FOUND - OPERATIONS ABORTED!

FILE: catalog/view/theme/default/template/product/manufacturer_info.tpl
CODE: <div class="button-group">
LINE: 115

FILE: catalog/view/theme/theme_lightshop/template/product/manufacturer_info.tpl
CODE: <div class="button-group">
NOT FOUND - OPERATIONS ABORTED!

FILE: catalog/view/theme/default/template/product/special.tpl
CODE: <div class="button-group">
LINE: 104

FILE: catalog/view/theme/theme_lightshop/template/product/special.tpl
CODE: <div class="button-group">
NOT FOUND - OPERATIONS ABORTED!
----------------------------------------------------------------
MOD: <font color="#000"><b>Admin Search for products and model by any keyword</b></font>
CODE: $sql .= " AND pd.name LIKE '" . $this->db->escape($data['filter_name']) . "%'";
LINE: 374
LINE: 663
CODE: $sql .= " AND p.model LIKE '" . $this->db->escape($data['filter_model']) . "%'";
LINE: 380
LINE: 671
----------------------------------------------------------------
MOD: OCFilter Modification
CODE: function getForm() {
LINE: 651
CODE: $this->language->get('tab_general');
LINE: 775
CODE: if ($this->user->hasPermission('access', 'catalog/filter')) {
LINE: 120

FILE: admin/language/en-gb/catalog/product.php
CODE: $_['text_success']
LINE: 12

FILE: admin/language/ru-ru/catalog/product.php
CODE: $_['text_success']
LINE: 12
CODE: $_['text_option']
LINE: 46
CODE: $_['text_option']
LINE: 47
CODE: if (isset($data['product_recurring'])) {
LINE: 137
CODE: if (isset($data['product_recurring'])) {
LINE: 313
CODE: $data['product_attribute'] = $this->getProductAttributes($product_id);
LINE: 342
CODE: $this->db->query("DELETE FROM " . DB_PREFIX . "product WHERE product_id = '" . (int)$product_id . "'");
LINE: 369
CODE: <?php echo $footer; ?>
LINE: 1523

FILE: catalog/controller/startup/maintenance.php
CODE: index() {
LINE: 7
CODE: $this->url->addRewrite($this);
LINE: 12
CODE: $this->url->addRewrite($this);
LINE: 36
CODE: $this->url->addRewrite($this, $lang_data);
NOT FOUND - OPERATION SKIPPED!
CODE: $sql .= " LEFT JOIN " . DB_PREFIX . "product_description
LINE: 139
LINE: 604
CODE: if (!empty($data['filter_manufacturer_id
LINE: 237
LINE: 702
CODE: $data['breadcrumbs'] = array();
LINE: 78
CODE: $product_total =
LINE: 361
LINE: 1134
LINE: 1485
LINE: 1497
LINE: 1506
CODE: if (isset($this->request->get['filter'])) {
LINE: 617
CODE: if (isset($this->request->get['filter'])) {
LINE: 657
CODE: if (isset($this->request->get['filter'])) {
LINE: 692
CODE: $data['limit'] = $limit;
LINE: 841

FILE: system/library/document.php
CODE: public function getLinks
LINE: 52
CODE: private $keywords;
LINE: 9
CODE: public function setTitle($title) {
LINE: 26
CODE: $data['scripts'] = $this->document->getScripts();
LINE: 38
LINE: 570

FILE: catalog/view/theme/default/template/common/header.tpl
CODE: </title>
LINE: 18
----------------------------------------------------------------
MOD: <font color="#000000">OCext Feed Generator Yandex Market for OpenCart 2.3</font>
CODE: $data['tab_attribute'] = $this->language->get('tab_attribute');
LINE: 796
CODE: $data['footer'] = $this->load->controller('common/footer');
LINE: 649
LINE: 1532
CODE: <li><a href="#tab-design" data-toggle="tab"><?php echo $tab_design; ?></a></li>
LINE: 47
CODE: <div class="tab-pane" id="tab-reward">
LINE: 925
----------------------------------------------------------------
MOD: Y.CMS 2.0 for Opencart 2.0.x - 2.3.x
CODE: // History
LINE: 376
CODE: </tfoot>
LINE: 132
REGEX: ~o.date_added, o.date_modified FROM~
LINE: 175
REGEX: /\$query\s=\s\$this->db->query\(\$sql\);\s+return\s\$query->rows;/
LINE: 246

FILE: admin/language/en-gb/sale/order.php
REGEX: ~(\$_\[\'text_add\'\])~
LINE: 8

FILE: admin/language/ru-ru/sale/order.php
REGEX: ~(\$_\[\'text_add\'\])~
LINE: 8

FILE: system/library/mail.php
CODE: basename(urlencode($attachment))
NOT FOUND - OPERATIONS ABORTED!
CODE: $results = $this->model_sale_order->getOrders($filter_data);
LINE: 210
CODE: 'shipping_code' => $result['shipping_code'],
LINE: 228
CODE: $data['button_add'] = $this->language->get('button_add');
LINE: 267

FILE: admin/view/template/sale/order_list.tpl
REGEX: ~(\<\/i\>\<\/)(button|a)(\>)(\<\/td\>)~
LINE: 147
CODE: $('input[name^=\'selected\']:first').trigger('change');
LINE: 333
CODE: $data['newsletter'] = $this->url->link('account/newsletter'
LINE: 197

FILE: catalog/controller/checkout/success.php
CODE: if (isset($this->session->data['order_id'])) {
LINE: 10

FILE: catalog/view/theme/default/template/common/success.tpl
CODE: <?php echo $footer; ?>
LINE: 24

FILE: catalog/view/theme/theme_lightshop/template/common/success.tpl
CODE: <?php echo $footer; ?>
LINE: 91

FILE: catalog/view/theme/default/template/common/footer.tpl
CODE: <footer
LINE: 29
CODE: <p><?php echo $powered; ?></p>
LINE: 75

FILE: catalog/view/theme/theme_lightshop/template/common/footer.tpl
CODE: <footer
LINE: 43
CODE: <p><?php echo $powered; ?></p>
NOT FOUND - OPERATIONS ABORTED!
CODE: $('.alert').remove();
LINE: 383
LINE: 410
LINE: 440
LINE: 470
LINE: 500
LINE: 530
LINE: 558
LINE: 611
LINE: 684
CODE: $('#button-history').on('click', function() {
LINE: 590
CODE: </head
LINE: 55
LINE: 107
CODE: if ($product_info) {
LINE: 193
CODE: $data['price'] = $this->currency->format($this->tax->calculate($product_info['price'], $product_info['tax_class_id'], $this->config->get('config_tax')), $this->session->data['currency']);
LINE: 479
CODE: <?php if ($options) { ?>
LINE: 170
CODE: <?php echo $footer; ?>
LINE: 638
CODE: <?php echo $footer; ?>
LINE: 652
----------------------------------------------------------------
